<?xml version="1.0" encoding="UTF-8"?>
<testsuite xmlns:xsi="http://www.w3.org/2001/XMLSchema-instance" xsi:noNamespaceSchemaLocation="https://maven.apache.org/surefire/maven-surefire-plugin/xsd/surefire-test-report-3.0.xsd" version="3.0" name="com.w2m.spaceShips.application.services.impl.SpaceShipApplicationServiceTest$getAllSpaceShipsByEquipmentTest" time="0.076" tests="3" errors="0" skipped="0" failures="0">
  <properties>
[...]
</properties>
  <testcase name="givenNonMatchingShipEquipment_thenReturnEmptyList" classname="com.w2m.spaceShips.application.services.impl.SpaceShipApplicationServiceTest$getAllSpaceShipsByEquipmentTest" time="0.016">
    <system-out><![CDATA[01:49:49.546 [main] INFO org.springframework.test.context.support.AnnotationConfigContextLoaderUtils -- Could not detect default configuration classes for test class [com.w2m.spaceShips.application.services.impl.SpaceShipApplicationServiceTest]: SpaceShipApplicationServiceTest does not declare any static, non-private, non-final, nested classes annotated with @Configuration.
]]></system-out>
  </testcase>
  <testcase name="givenMatchingShipEquipment_thenReturnMatchingSpaceShips" classname="com.w2m.spaceShips.application.services.impl.SpaceShipApplicationServiceTest$getAllSpaceShipsByEquipmentTest" time="0.023"/>
  <testcase name="givenNullShipEquipment_thenThrowException" classname="com.w2m.spaceShips.application.services.impl.SpaceShipApplicationServiceTest$getAllSpaceShipsByEquipmentTest" time="0.012"/>
</testsuite>